[35m[Appium][39m Welcome to Appium v1.17.1
[35m[Appium][39m Non-default server args:
[35m[Appium][39m   port: 53545
[35m[Appium][39m   loglevel: info
[35m[Appium][39m   tmpDir: C:\Users\ACHMAD~1\AppData\Local\Temp\\Katalon\Appium\Temp1623812178131
[35m[Appium][39m   chromedriverPort: 53546
[35m[Appium][39m Deprecated server args:
[35m[Appium][39m   [31m--chromedriver-port[39m => --default-capabilities '{"chromedriverPort":53546}'
[35m[Appium][39m Default capabilities, which will be added to each request unless overridden by desired capabilities:
[35m[Appium][39m   chromedriverPort: 53546
[35m[Appium][39m Appium REST http interface listener started on 0.0.0.0:53545
[35m[HTTP][39m [37m-->[39m [37mGET[39m [37m/wd/hub/status[39m
[35m[HTTP][39m [90m{}[39m
[35m[HTTP][39m [37m<-- GET /wd/hub/status [39m[32m200[39m [90m6 ms - 68[39m
[35m[HTTP][39m [90m[39m
[35m[HTTP][39m [37m-->[39m [37mGET[39m [37m/wd/hub/status[39m
[35m[HTTP][39m [90m{}[39m
[35m[HTTP][39m [37m<-- GET /wd/hub/status [39m[32m200[39m [90m2 ms - 68[39m
[35m[HTTP][39m [90m[39m
[35m[HTTP][39m [37m-->[39m [37mPOST[39m [37m/wd/hub/session[39m
[35m[HTTP][39m [90m{"desiredCapabilities":{"app":"F:\\Project Automation BRI\\Automation Testing\\APK\\MaterialLoginExample.apk","noReset":true,"deviceName":"emulator-5554 (AOSP on IA Emulator - Android 9)","fullReset":false,"platform":"ANDROID","newCommandTimeout":1800,"platformVersion":"9","automationName":"uiautomator2","autoGrantPermissions":true,"platformName":"Android","udid":"emulator-5554","systemPort":56329},"capabilities":{"firstMatch":[{"appium:app":"F:\\Project Automation BRI\\Automation Testing\\APK\\MaterialLoginExample.apk","appium:autoGrantPermissions":true,"appium:automationName":"uiautomator2","appium:deviceName":"emulator-5554 (AOSP on IA Emulator - Android 9)","appium:fullReset":false,"appium:newCommandTimeout":1800,"appium:noReset":true,"platform":"ANDROID","platformName":"android","appium:platformVersion":"9","appium:systemPort":56329,"appium:udid":"emulator-5554"}]}}[39m
[35m[BaseDriver][39m The following capabilities are not standard capabilities and should have an extension prefix:
[35m[BaseDriver][39m   platform
[35m[BaseDriver][39m   chromedriverPort
[35m[Appium][39m Appium v1.17.1 creating new AndroidUiautomator2Driver (v1.44.2) session
[35m[BaseDriver][39m The following capabilities were provided, but are not recognized by Appium:
[35m[BaseDriver][39m   platform
[35m[BaseDriver][39m Session created with session id: 30693155-4390-4ad1-84ae-1a07b9843fe9
[35m[BaseDriver][39m Using local app 'F:\Project Automation BRI\Automation Testing\APK\MaterialLoginExample.apk'
[35m[ADB][39m Found 1 'build-tools' folders under 'C:\Users\Achmad Fauzi\.katalon\tools\android_sdk' (newest first):
[35m[ADB][39m     C:/Users/Achmad Fauzi/.katalon/tools/android_sdk/build-tools/29.0.0
[35m[ADB][39m Using 'adb.exe' from 'C:\Users\Achmad Fauzi\.katalon\tools\android_sdk\platform-tools\adb.exe'
[35m[AndroidDriver][39m Retrieving device list
[35m[AndroidDriver][39m Using device: emulator-5554
[35m[ADB][39m Using 'adb.exe' from 'C:\Users\Achmad Fauzi\.katalon\tools\android_sdk\platform-tools\adb.exe'
[35m[ADB][39m Getting device platform version
[35m[UiAutomator2][39m Relaxing hidden api policy
[35m[ADB][39m Package name: 'com.sourcey.materialloginexample'
[35m[ADB][39m Main activity name: 'com.sourcey.materiallogindemo.LoginActivity'
[35m[ADB][39m Using 'apksigner.jar' from 'C:\Users\Achmad Fauzi\.katalon\tools\android_sdk\build-tools\29.0.0\lib\apksigner.jar'
[35m[UiAutomator2][39m Server packages are not going to be (re)installed
[35m[UiAutomator2][39m Starting UIAutomator2 server 4.5.5
[35m[UiAutomator2][39m Using UIAutomator2 server from 'C:\Users\Achmad Fauzi\AppData\Roaming\npm\node_modules\appium\node_modules\appium-uiautomator2-server\apks\appium-uiautomator2-server-v4.5.5.apk' and test from 'C:\Users\Achmad Fauzi\AppData\Roaming\npm\node_modules\appium\node_modules\appium-uiautomator2-server\apks\appium-uiautomator2-server-debug-androidTest.apk'
[35m[UiAutomator2][39m Waiting up to 30000ms for UiAutomator2 to be online...
[35m[WD Proxy][39m Got response with unknown status: {"code":"ECONNRESET"}
[35m[WD Proxy][39m Got response with unknown status: {"code":"ECONNRESET"}
[35m[WD Proxy][39m Determined the downstream protocol as 'W3C'
[35m[AndroidDriver][39m Screen already unlocked, doing nothing
[35m[UiAutomator2][39m Starting 'com.sourcey.materialloginexample/com.sourcey.materiallogindemo.LoginActivity and waiting for 'com.sourcey.materialloginexample/com.sourcey.materiallogindemo.LoginActivity'
[35m[Appium][39m New AndroidUiautomator2Driver session created successfully, session 30693155-4390-4ad1-84ae-1a07b9843fe9 added to master session list
[35m[HTTP][39m [37m<-- POST /wd/hub/session [39m[32m200[39m [90m13778 ms - 1355[39m
[35m[HTTP][39m [90m[39m
[35m[HTTP][39m [37m-->[39m [37mGET[39m [37m/wd/hub/session/30693155-4390-4ad1-84ae-1a07b9843fe9[39m
[35m[HTTP][39m [90m{}[39m
[35m[HTTP][39m [37m<-- GET /wd/hub/session/30693155-4390-4ad1-84ae-1a07b9843fe9 [39m[32m200[39m [90m15 ms - 1287[39m
[35m[HTTP][39m [90m[39m
[35m[HTTP][39m [37m-->[39m [37mGET[39m [37m/wd/hub/session/30693155-4390-4ad1-84ae-1a07b9843fe9[39m
[35m[HTTP][39m [90m{}[39m
[35m[HTTP][39m [37m<-- GET /wd/hub/session/30693155-4390-4ad1-84ae-1a07b9843fe9 [39m[32m200[39m [90m14 ms - 1287[39m
[35m[HTTP][39m [90m[39m
[35m[HTTP][39m [37m-->[39m [37mGET[39m [37m/wd/hub/status[39m
[35m[HTTP][39m [90m{}[39m
[35m[HTTP][39m [37m<-- GET /wd/hub/status [39m[32m200[39m [90m1 ms - 68[39m
[35m[HTTP][39m [90m[39m
[35m[HTTP][39m [37m-->[39m [37mPOST[39m [37m/wd/hub/session/30693155-4390-4ad1-84ae-1a07b9843fe9/timeouts[39m
[35m[HTTP][39m [90m{"implicit":60000}[39m
[35m[HTTP][39m [37m<-- POST /wd/hub/session/30693155-4390-4ad1-84ae-1a07b9843fe9/timeouts [39m[32m200[39m [90m4 ms - 14[39m
[35m[HTTP][39m [90m[39m
[35m[HTTP][39m [37m-->[39m [37mGET[39m [37m/wd/hub/session/30693155-4390-4ad1-84ae-1a07b9843fe9/source[39m
[35m[HTTP][39m [90m{}[39m
[35m[W3C (30693155)][39m Driver proxy active, passing request on via HTTP proxy
[35m[WD Proxy][39m Replacing sessionId 6f02c8fc-5d26-4634-999a-1dc25c791061 with 30693155-4390-4ad1-84ae-1a07b9843fe9
[35m[HTTP][39m [37m<-- GET /wd/hub/session/30693155-4390-4ad1-84ae-1a07b9843fe9/source [39m[32m200[39m [90m206 ms - 7343[39m
[35m[HTTP][39m [90m[39m
[35m[HTTP][39m [37m-->[39m [37mGET[39m [37m/wd/hub/session/30693155-4390-4ad1-84ae-1a07b9843fe9/screenshot[39m
[35m[HTTP][39m [90m{}[39m
[35m[HTTP][39m [37m<-- GET /wd/hub/session/30693155-4390-4ad1-84ae-1a07b9843fe9/screenshot [39m[32m200[39m [90m364 ms - 103244[39m
[35m[HTTP][39m [90m[39m
[35m[HTTP][39m [37m-->[39m [37mPOST[39m [37m/wd/hub/session/30693155-4390-4ad1-84ae-1a07b9843fe9/elements[39m
[35m[HTTP][39m [90m{"using":"xpath","value":"//*[@class = 'android.widget.EditText' and @resource-id = 'com.sourcey.materialloginexample:id/input_email' and (@text = '' or . = '')]"}[39m
[35m[HTTP][39m [37m<-- POST /wd/hub/session/30693155-4390-4ad1-84ae-1a07b9843fe9/elements [39m[32m200[39m [90m939 ms - 139[39m
[35m[HTTP][39m [90m[39m
[35m[HTTP][39m [37m-->[39m [37mGET[39m [37m/wd/hub/session/30693155-4390-4ad1-84ae-1a07b9843fe9/window/rect[39m
[35m[HTTP][39m [90m{}[39m
[35m[HTTP][39m [37m<-- GET /wd/hub/session/30693155-4390-4ad1-84ae-1a07b9843fe9/window/rect [39m[32m200[39m [90m49 ms - 50[39m
[35m[HTTP][39m [90m[39m
[35m[HTTP][39m [37m-->[39m [37mPOST[39m [37m/wd/hub/session/30693155-4390-4ad1-84ae-1a07b9843fe9/elements[39m
[35m[HTTP][39m [90m{"using":"xpath","value":"//*[@class = 'android.widget.EditText' and @resource-id = 'com.sourcey.materialloginexample:id/input_email' and (@text = '' or . = '')]"}[39m
[35m[HTTP][39m [37m<-- POST /wd/hub/session/30693155-4390-4ad1-84ae-1a07b9843fe9/elements [39m[32m200[39m [90m253 ms - 139[39m
[35m[HTTP][39m [90m[39m
[35m[HTTP][39m [37m-->[39m [37mGET[39m [37m/wd/hub/session/30693155-4390-4ad1-84ae-1a07b9843fe9/element/6fc6024c-0825-463a-8beb-29f6d8fbf544/location[39m
[35m[HTTP][39m [90m{}[39m
[35m[W3C (30693155)][39m Driver proxy active, passing request on via HTTP proxy
[35m[WD Proxy][39m Replacing sessionId 6f02c8fc-5d26-4634-999a-1dc25c791061 with 30693155-4390-4ad1-84ae-1a07b9843fe9
[35m[HTTP][39m [37m<-- GET /wd/hub/session/30693155-4390-4ad1-84ae-1a07b9843fe9/element/6fc6024c-0825-463a-8beb-29f6d8fbf544/location [39m[32m200[39m [90m84 ms - 77[39m
[35m[HTTP][39m [90m[39m
[35m[HTTP][39m [37m-->[39m [37mPOST[39m [37m/wd/hub/session/30693155-4390-4ad1-84ae-1a07b9843fe9/element/6fc6024c-0825-463a-8beb-29f6d8fbf544/clear[39m
[35m[HTTP][39m [90m{"id":"6fc6024c-0825-463a-8beb-29f6d8fbf544"}[39m
[35m[HTTP][39m [37m<-- POST /wd/hub/session/30693155-4390-4ad1-84ae-1a07b9843fe9/element/6fc6024c-0825-463a-8beb-29f6d8fbf544/clear [39m[32m200[39m [90m55 ms - 14[39m
[35m[HTTP][39m [90m[39m
[35m[HTTP][39m [37m-->[39m [37mPOST[39m [37m/wd/hub/session/30693155-4390-4ad1-84ae-1a07b9843fe9/element/6fc6024c-0825-463a-8beb-29f6d8fbf544/value[39m
[35m[HTTP][39m [90m{"id":"6fc6024c-0825-463a-8beb-29f6d8fbf544","text":"test@example.com","value":["t","e","s","t","@","e","x","a","m","p","l","e",".","c","o","m"]}[39m
[35m[HTTP][39m [37m<-- POST /wd/hub/session/30693155-4390-4ad1-84ae-1a07b9843fe9/element/6fc6024c-0825-463a-8beb-29f6d8fbf544/value [39m[32m200[39m [90m1567 ms - 14[39m
[35m[HTTP][39m [90m[39m
[35m[HTTP][39m [37m-->[39m [37mGET[39m [37m/wd/hub/session/30693155-4390-4ad1-84ae-1a07b9843fe9/source[39m
[35m[HTTP][39m [90m{}[39m
[35m[W3C (30693155)][39m Driver proxy active, passing request on via HTTP proxy
[35m[WD Proxy][39m Replacing sessionId 6f02c8fc-5d26-4634-999a-1dc25c791061 with 30693155-4390-4ad1-84ae-1a07b9843fe9
[35m[HTTP][39m [37m<-- GET /wd/hub/session/30693155-4390-4ad1-84ae-1a07b9843fe9/source [39m[32m200[39m [90m250 ms - 7359[39m
[35m[HTTP][39m [90m[39m
[35m[HTTP][39m [37m-->[39m [37mGET[39m [37m/wd/hub/session/30693155-4390-4ad1-84ae-1a07b9843fe9/screenshot[39m
[35m[HTTP][39m [90m{}[39m
[35m[HTTP][39m [37m<-- GET /wd/hub/session/30693155-4390-4ad1-84ae-1a07b9843fe9/screenshot [39m[32m200[39m [90m500 ms - 115462[39m
[35m[HTTP][39m [90m[39m
[35m[HTTP][39m [37m-->[39m [37mDELETE[39m [37m/wd/hub/session/30693155-4390-4ad1-84ae-1a07b9843fe9[39m
[35m[HTTP][39m [90m{}[39m
[35m[Appium][39m Removing session 30693155-4390-4ad1-84ae-1a07b9843fe9 from our master session list
[35m[UiAutomator2][39m Restoring hidden api policy to the device default configuration
[35m[HTTP][39m [37m<-- DELETE /wd/hub/session/30693155-4390-4ad1-84ae-1a07b9843fe9 [39m[32m200[39m [90m919 ms - 14[39m
[35m[HTTP][39m [90m[39m
